TN:
SF:E:/ATesting/FiveSixUI-1/components/constant.js
FNF:0
FNH:0
DA:1,1
LF:1
LH:1
BRF:0
BRH:0
end_of_record
TN:
SF:E:/ATesting/FiveSixUI-1/components/basic/Crumb/index.js
FN:35,(anonymous_4)
FNF:1
FNH:1
FNDA:2,(anonymous_4)
DA:9,1
DA:10,1
DA:12,1
DA:17,1
DA:35,2
DA:42,1
DA:52,1
LF:7
LH:7
BRDA:37,0,0,1
BRDA:37,0,1,1
BRF:2
BRH:2
end_of_record
TN:
SF:E:/ATesting/FiveSixUI-1/components/basic/ImageModal/index.js
FN:55,ImageModal
FN:148,onCancel
FN:164,onClick
FN:165,onClick
FN:166,onClick
FN:167,onClick
FNF:6
FNH:6
FNDA:8,ImageModal
FNDA:7,onCancel
FNDA:2,onClick
FNDA:8,onClick
FNDA:4,onClick
FNDA:4,onClick
DA:7,1
DA:8,1
DA:9,1
DA:10,1
DA:20,1
DA:27,1
DA:28,1
DA:29,1
DA:30,1
DA:55,24
DA:57,8
DA:65,8
DA:66,8
DA:67,8
DA:76,2
DA:77,2
DA:78,1
DA:90,8
DA:91,8
DA:92,7
DA:104,4
DA:105,4
DA:116,4
DA:117,4
DA:123,7
DA:126,7
DA:130,8
DA:133,8
DA:136,225
DA:137,45
DA:138,45
DA:139,45
DA:140,45
DA:148,7
DA:164,2
DA:165,8
DA:166,4
DA:167,4
LF:38
LH:38
BRDA:55,0,0,8
BRDA:55,0,1,0
BRDA:77,1,0,1
BRDA:77,1,1,1
BRDA:91,2,0,7
BRDA:91,2,1,1
BRDA:126,3,0,7
BRDA:126,3,1,0
BRDA:133,4,0,8
BRDA:133,4,1,1
BRDA:139,5,0,45
BRDA:139,5,1,3
BRDA:139,6,0,3
BRDA:139,6,1,0
BRDA:146,7,0,29
BRDA:146,7,1,16
BRDA:147,8,0,29
BRDA:147,8,1,0
BRDA:162,9,0,29
BRDA:162,9,1,16
BRF:20
BRH:16
end_of_record
TN:
SF:E:/ATesting/FiveSixUI-1/components/basic/Select/index.js
FN:65,Select
FN:86,(anonymous_3)
FN:90,(anonymous_4)
FN:101,(anonymous_5)
FN:113,(anonymous_6)
FN:154,(anonymous_7)
FN:164,(anonymous_8)
FN:175,(anonymous_9)
FN:189,(anonymous_10)
FN:190,(anonymous_11)
FN:193,(anonymous_12)
FN:195,(anonymous_13)
FN:195,(anonymous_14)
FN:197,(anonymous_15)
FN:197,(anonymous_16)
FN:204,(anonymous_17)
FN:208,(anonymous_18)
FN:210,(anonymous_19)
FN:219,(anonymous_20)
FN:232,(anonymous_21)
FN:243,(anonymous_22)
FN:254,(anonymous_23)
FN:271,(anonymous_24)
FN:274,(anonymous_25)
FN:277,(anonymous_26)
FN:299,(anonymous_27)
FN:326,(anonymous_28)
FN:330,(anonymous_29)
FN:353,(anonymous_30)
FN:375,(anonymous_31)
FN:390,(anonymous_32)
FN:399,(anonymous_33)
FN:409,(anonymous_34)
FN:422,(anonymous_35)
FN:447,(anonymous_36)
FNF:35
FNH:33
FNDA:12,Select
FNDA:4,(anonymous_3)
FNDA:2,(anonymous_4)
FNDA:2,(anonymous_5)
FNDA:10,(anonymous_6)
FNDA:1,(anonymous_7)
FNDA:1,(anonymous_8)
FNDA:42,(anonymous_9)
FNDA:57,(anonymous_10)
FNDA:24,(anonymous_11)
FNDA:72,(anonymous_12)
FNDA:69,(anonymous_13)
FNDA:6,(anonymous_14)
FNDA:74,(anonymous_15)
FNDA:65,(anonymous_16)
FNDA:12,(anonymous_17)
FNDA:3,(anonymous_18)
FNDA:3,(anonymous_19)
FNDA:36,(anonymous_20)
FNDA:1,(anonymous_21)
FNDA:1,(anonymous_22)
FNDA:1,(anonymous_23)
FNDA:23,(anonymous_24)
FNDA:14,(anonymous_25)
FNDA:48,(anonymous_26)
FNDA:31,(anonymous_27)
FNDA:15,(anonymous_28)
FNDA:15,(anonymous_29)
FNDA:93,(anonymous_30)
FNDA:9,(anonymous_31)
FNDA:9,(anonymous_32)
FNDA:0,(anonymous_33)
FNDA:0,(anonymous_34)
FNDA:31,(anonymous_35)
FNDA:64,(anonymous_36)
DA:10,1
DA:11,1
DA:12,1
DA:13,1
DA:14,1
DA:15,1
DA:16,1
DA:17,1
DA:46,1
DA:65,36
DA:74,12
DA:86,12
DA:87,4
DA:88,1
DA:90,3
DA:92,4
DA:101,12
DA:102,2
DA:103,2
DA:104,2
DA:105,2
DA:113,12
DA:114,10
DA:115,10
DA:116,7
DA:117,7
DA:118,4
DA:119,1
DA:121,3
DA:122,3
DA:125,3
DA:126,3
DA:127,1
DA:130,7
DA:132,3
DA:133,3
DA:136,3
DA:137,3
DA:138,2
DA:140,1
DA:143,0
DA:144,0
DA:146,0
DA:154,12
DA:155,1
DA:164,12
DA:165,1
DA:166,1
DA:167,1
DA:175,12
DA:176,42
DA:177,42
DA:178,42
DA:179,30
DA:181,12
DA:189,12
DA:190,72
DA:191,24
DA:192,24
DA:193,72
DA:195,69
DA:197,74
DA:204,12
DA:205,12
DA:206,12
DA:207,1
DA:209,3
DA:211,3
DA:212,3
DA:218,11
DA:220,36
DA:221,36
DA:225,12
DA:232,12
DA:233,1
DA:234,1
DA:236,0
DA:243,12
DA:244,1
DA:245,1
DA:247,0
DA:254,12
DA:255,1
DA:256,1
DA:257,1
DA:259,1
DA:260,1
DA:262,0
DA:271,12
DA:272,23
DA:273,23
DA:274,40
DA:275,14
DA:276,14
DA:278,48
DA:281,14
DA:282,14
DA:283,13
DA:285,9
DA:287,1
DA:299,12
DA:300,31
DA:301,31
DA:302,31
DA:303,31
DA:304,0
DA:306,31
DA:314,31
DA:315,31
DA:322,31
DA:323,31
DA:324,31
DA:325,5
DA:327,15
DA:328,15
DA:329,15
DA:330,15
DA:344,15
DA:352,26
DA:353,93
DA:368,31
DA:375,12
DA:376,9
DA:377,3
DA:378,3
DA:379,3
DA:380,2
DA:382,6
DA:390,12
DA:391,9
DA:392,2
DA:394,6
DA:399,12
DA:400,0
DA:409,12
DA:410,0
DA:417,12
DA:422,12
DA:423,31
DA:425,1
DA:426,1
DA:428,1
DA:429,1
DA:431,1
DA:432,1
DA:434,1
DA:435,1
DA:437,27
DA:447,12
DA:448,64
DA:449,0
DA:451,64
DA:452,8
DA:453,8
DA:455,0
DA:458,56
DA:459,11
DA:460,11
DA:462,0
DA:465,45
DA:469,12
DA:493,12
DA:496,11
DA:499,19
DA:502,31
DA:531,1
DA:533,1
LF:167
LH:155
BRDA:65,0,0,12
BRDA:65,0,1,0
BRDA:87,1,0,1
BRDA:87,1,1,3
BRDA:103,2,0,2
BRDA:103,2,1,0
BRDA:115,3,0,7
BRDA:115,3,1,3
BRDA:117,4,0,4
BRDA:117,4,1,3
BRDA:118,5,0,1
BRDA:118,5,1,3
BRDA:126,6,0,1
BRDA:126,6,1,2
BRDA:130,7,0,7
BRDA:130,7,1,7
BRDA:136,8,0,3
BRDA:136,8,1,0
BRDA:137,9,0,2
BRDA:137,9,1,1
BRDA:138,10,0,2
BRDA:138,10,1,2
BRDA:140,11,0,1
BRDA:140,11,1,1
BRDA:143,12,0,0
BRDA:143,12,1,0
BRDA:144,13,0,0
BRDA:144,13,1,0
BRDA:146,14,0,0
BRDA:146,14,1,0
BRDA:167,15,0,1
BRDA:167,15,1,1
BRDA:167,16,0,0
BRDA:167,16,1,1
BRDA:178,17,0,30
BRDA:178,17,1,12
BRDA:181,18,0,12
BRDA:181,18,1,0
BRDA:190,19,0,24
BRDA:190,19,1,33
BRDA:190,20,0,57
BRDA:190,20,1,57
BRDA:195,21,0,3
BRDA:195,21,1,21
BRDA:190,22,0,24
BRDA:190,22,1,24
BRDA:197,23,0,30
BRDA:197,23,1,3
BRDA:206,24,0,1
BRDA:206,24,1,11
BRDA:206,25,0,12
BRDA:206,25,1,12
BRDA:211,26,0,3
BRDA:211,26,1,3
BRDA:211,26,2,3
BRDA:212,27,0,3
BRDA:212,27,1,0
BRDA:220,28,0,36
BRDA:220,28,1,9
BRDA:220,28,2,9
BRDA:221,29,0,36
BRDA:221,29,1,27
BRDA:233,30,0,1
BRDA:233,30,1,0
BRDA:233,31,0,1
BRDA:233,31,1,1
BRDA:233,31,2,1
BRDA:236,32,0,0
BRDA:236,32,1,0
BRDA:244,33,0,1
BRDA:244,33,1,0
BRDA:244,34,0,1
BRDA:244,34,1,1
BRDA:244,34,2,1
BRDA:247,35,0,0
BRDA:247,35,1,0
BRDA:256,36,0,1
BRDA:256,36,1,0
BRDA:259,37,0,1
BRDA:259,37,1,0
BRDA:259,38,0,1
BRDA:259,38,1,1
BRDA:260,39,0,1
BRDA:260,39,1,0
BRDA:262,40,0,0
BRDA:262,40,1,0
BRDA:274,41,0,14
BRDA:274,41,1,9
BRDA:281,42,0,13
BRDA:281,42,1,1
BRDA:282,43,0,5
BRDA:282,43,1,9
BRDA:282,44,0,14
BRDA:282,44,1,5
BRDA:274,45,0,13
BRDA:274,45,1,13
BRDA:285,46,0,0
BRDA:285,46,1,9
BRDA:285,47,0,9
BRDA:285,47,1,0
BRDA:303,48,0,0
BRDA:303,48,1,31
BRDA:306,49,0,31
BRDA:306,49,1,21
BRDA:315,50,0,31
BRDA:315,50,1,19
BRDA:315,50,2,19
BRDA:323,51,0,31
BRDA:323,51,1,19
BRDA:323,51,2,19
BRDA:323,51,3,3
BRDA:323,51,4,0
BRDA:323,51,5,0
BRDA:324,52,0,5
BRDA:324,52,1,26
BRDA:324,53,0,31
BRDA:324,53,1,31
BRDA:330,54,0,15
BRDA:330,54,1,15
BRDA:330,54,2,15
BRDA:335,55,0,15
BRDA:335,55,1,0
BRDA:353,56,0,93
BRDA:353,56,1,93
BRDA:353,56,2,91
BRDA:358,57,0,48
BRDA:358,57,1,43
BRDA:376,58,0,3
BRDA:376,58,1,6
BRDA:380,59,0,2
BRDA:380,59,1,2
BRDA:391,60,0,2
BRDA:391,60,1,6
BRDA:391,61,0,8
BRDA:391,61,1,0
BRDA:424,62,0,1
BRDA:424,62,1,1
BRDA:424,62,2,1
BRDA:424,62,3,1
BRDA:424,62,4,27
BRDA:425,63,0,1
BRDA:425,63,1,1
BRDA:425,64,0,1
BRDA:425,64,1,0
BRDA:428,65,0,1
BRDA:428,65,1,1
BRDA:428,66,0,1
BRDA:428,66,1,0
BRDA:431,67,0,1
BRDA:431,67,1,1
BRDA:431,68,0,1
BRDA:431,68,1,0
BRDA:434,69,0,1
BRDA:434,69,1,1
BRDA:434,70,0,1
BRDA:434,70,1,0
BRDA:448,71,0,0
BRDA:448,71,1,64
BRDA:449,72,0,0
BRDA:449,72,1,0
BRDA:451,73,0,8
BRDA:451,73,1,56
BRDA:451,74,0,64
BRDA:451,74,1,37
BRDA:458,75,0,11
BRDA:458,75,1,45
BRDA:458,76,0,56
BRDA:458,76,1,27
BRDA:510,77,0,18
BRDA:510,77,1,13
BRDA:516,78,0,31
BRDA:516,78,1,19
BRF:172
BRH:135
end_of_record
TN:
SF:E:/ATesting/FiveSixUI-1/components/basic/Select/Components/DropdownMenu.js
FN:34,DropdownMenu
FN:44,(anonymous_3)
FNF:2
FNH:2
FNDA:12,DropdownMenu
FNDA:62,(anonymous_3)
DA:7,1
DA:8,1
DA:19,1
DA:34,36
DA:44,12
DA:45,62
DA:46,62
DA:47,42
DA:49,62
DA:50,32
DA:52,62
DA:54,12
DA:57,19
DA:58,7
DA:62,19
DA:65,31
DA:83,1
DA:84,1
LF:18
LH:18
BRDA:34,0,0,12
BRDA:34,0,1,0
BRDA:46,1,0,42
BRDA:46,1,1,20
BRDA:49,2,0,32
BRDA:49,2,1,30
BRDA:57,3,0,7
BRDA:57,3,1,12
BRDA:57,4,0,19
BRDA:57,4,1,19
BRDA:67,5,0,6
BRDA:67,5,1,25
BRDA:67,6,0,25
BRDA:67,6,1,3
BRDA:73,7,0,31
BRDA:73,7,1,0
BRF:16
BRH:14
end_of_record
TN:
SF:E:/ATesting/FiveSixUI-1/components/basic/Select/Components/OptGroup.js
FN:25,OptGroup
FNF:1
FNH:1
FNDA:15,OptGroup
DA:8,1
DA:15,1
DA:25,15
DA:36,1
LF:4
LH:4
BRF:0
BRH:0
end_of_record
TN:
SF:E:/ATesting/FiveSixUI-1/components/basic/Select/Components/Option.js
FN:35,Option
FN:40,(anonymous_3)
FN:51,(anonymous_4)
FN:66,(anonymous_5)
FN:83,ref
FNF:5
FNH:5
FNDA:46,Option
FNDA:11,(anonymous_3)
FNDA:2,(anonymous_4)
FNDA:2,(anonymous_5)
FNDA:210,ref
DA:7,1
DA:8,1
DA:9,1
DA:18,1
DA:35,138
DA:40,46
DA:41,11
DA:51,46
DA:53,2
DA:54,1
DA:66,46
DA:67,2
DA:68,1
DA:76,127
DA:77,127
DA:84,210
DA:92,127
DA:96,1
DA:97,1
LF:19
LH:19
BRDA:35,0,0,46
BRDA:35,0,1,0
BRDA:41,1,0,11
BRDA:41,1,1,11
BRDA:53,2,0,1
BRDA:53,2,1,1
BRDA:54,3,0,1
BRDA:54,3,1,1
BRDA:67,4,0,1
BRDA:67,4,1,1
BRDA:68,5,0,1
BRDA:68,5,1,1
BRDA:92,6,0,0
BRDA:92,6,1,127
BRDA:78,7,0,1
BRDA:78,7,1,126
BRDA:81,8,0,1
BRDA:81,8,1,126
BRDA:81,9,0,47
BRDA:81,9,1,80
BRF:20
BRH:18
end_of_record
TN:
SF:E:/ATesting/FiveSixUI-1/components/basic/Select/Components/SearchInput.js
FN:28,SearchInput
FN:39,(anonymous_3)
FN:41,(anonymous_4)
FN:43,(anonymous_5)
FN:50,(anonymous_6)
FN:56,(anonymous_7)
FN:66,(anonymous_8)
FN:97,ref
FNF:8
FNH:8
FNDA:8,SearchInput
FNDA:1,(anonymous_3)
FNDA:1,(anonymous_4)
FNDA:1,(anonymous_5)
FNDA:1,(anonymous_6)
FNDA:1,(anonymous_7)
FNDA:1,(anonymous_8)
FNDA:40,ref
DA:7,1
DA:8,1
DA:16,1
DA:28,24
DA:33,8
DA:39,8
DA:40,1
DA:41,1
DA:42,1
DA:43,1
DA:44,1
DA:50,8
DA:51,1
DA:56,8
DA:57,1
DA:66,8
DA:67,1
DA:74,24
DA:75,24
DA:98,40
DA:111,1
DA:112,1
LF:22
LH:22
BRDA:28,0,0,8
BRDA:28,0,1,0
BRDA:79,1,0,1
BRDA:79,1,1,23
BRDA:81,2,0,2
BRDA:81,2,1,22
BRDA:81,3,0,24
BRDA:81,3,1,23
BRF:8
BRH:7
end_of_record
TN:
SF:E:/ATesting/FiveSixUI-1/components/basic/Select/Components/SelectInput.js
FN:32,SelectInput
FNF:1
FNH:1
FNDA:31,SelectInput
DA:7,1
DA:18,1
DA:32,31
DA:52,1
DA:53,1
LF:5
LH:5
BRDA:34,0,0,0
BRDA:34,0,1,31
BRDA:34,1,0,6
BRDA:34,1,1,25
BRDA:34,2,0,31
BRDA:34,2,1,6
BRDA:44,3,0,18
BRDA:44,3,1,13
BRF:8
BRH:7
end_of_record
TN:
SF:E:/ATesting/FiveSixUI-1/components/basic/Select/Components/Tips.js
FN:27,Tips
FNF:1
FNH:1
FNDA:13,Tips
DA:7,1
DA:15,1
DA:27,39
DA:29,13
DA:32,20
DA:33,1
DA:37,20
DA:40,33
DA:53,1
LF:9
LH:9
BRDA:27,0,0,13
BRDA:27,0,1,0
BRDA:32,1,0,1
BRDA:32,1,1,19
BRDA:32,2,0,20
BRDA:32,2,1,1
BRDA:41,3,0,1
BRDA:41,3,1,32
BRDA:41,4,0,32
BRDA:41,4,1,1
BRF:10
BRH:9
end_of_record
TN:
SF:E:/ATesting/FiveSixUI-1/components/basic/Tag/index.js
FN:42,Tag
FN:87,onClick
FN:95,onClick
FNF:3
FNH:3
FNDA:12,Tag
FNDA:3,onClick
FNDA:2,onClick
DA:6,1
DA:7,1
DA:18,1
DA:42,24
DA:62,6
DA:63,3
DA:64,3
DA:65,3
DA:76,2
DA:77,2
DA:78,2
DA:80,42
DA:81,14
DA:83,14
DA:87,3
DA:95,2
LF:16
LH:16
BRDA:42,0,0,12
BRDA:42,0,1,0
BRDA:63,1,0,3
BRDA:63,1,1,2
BRDA:65,2,0,3
BRDA:65,2,1,3
BRDA:76,3,0,2
BRDA:76,3,1,1
BRDA:78,4,0,2
BRDA:78,4,1,2
BRDA:86,5,0,3
BRDA:86,5,1,11
BRDA:93,6,0,11
BRDA:93,6,1,3
BRDA:92,7,0,14
BRDA:92,7,1,4
BRF:16
BRH:15
end_of_record
TN:
SF:E:/ATesting/FiveSixUI-1/components/basic/TagsField/index.js
FN:34,TagsField
FN:37,(anonymous_2)
FNF:2
FNH:2
FNDA:1,TagsField
FNDA:2,(anonymous_2)
DA:7,1
DA:8,1
DA:10,1
DA:20,1
DA:34,4
DA:35,1
DA:37,2
DA:51,1
LF:8
LH:8
BRF:0
BRH:0
end_of_record
TN:
SF:E:/ATesting/FiveSixUI-1/components/basic/TenDaysSelect/index.js
FN:51,TenDaysSelect
FN:146,disabledDate
FN:149,onChange
FN:156,onChange
FNF:4
FNH:4
FNDA:5,TenDaysSelect
FNDA:36,disabledDate
FNDA:1,onChange
FNDA:1,onChange
DA:9,1
DA:10,1
DA:11,1
DA:13,1
DA:14,1
DA:15,1
DA:27,1
DA:51,15
DA:54,5
DA:56,5
DA:59,5
DA:60,5
DA:63,5
DA:64,5
DA:70,4
DA:71,3
DA:72,3
DA:86,2
DA:97,1
DA:98,1
DA:100,1
DA:102,0
DA:104,0
DA:118,36
DA:121,1
DA:122,1
DA:124,1
DA:131,1
DA:132,1
DA:133,1
DA:139,27
DA:140,9
DA:141,9
DA:146,36
DA:149,1
DA:156,1
DA:166,1
LF:37
LH:35
BRDA:51,0,0,5
BRDA:51,0,1,0
BRDA:56,1,0,5
BRDA:56,1,1,4
BRDA:59,2,0,4
BRDA:59,2,1,1
BRDA:59,3,0,5
BRDA:59,3,1,4
BRDA:60,4,0,4
BRDA:60,4,1,1
BRDA:60,5,0,5
BRDA:60,5,1,4
BRDA:64,6,0,5
BRDA:64,6,1,2
BRDA:70,7,0,3
BRDA:70,7,1,1
BRDA:71,8,0,3
BRDA:71,8,1,1
BRDA:72,9,0,3
BRDA:72,9,1,1
BRDA:99,10,0,1
BRDA:99,10,1,0
BRDA:99,10,2,0
BRDA:118,11,0,36
BRDA:118,11,1,12
BRDA:118,11,2,12
BRDA:118,11,3,36
BRDA:118,11,4,12
BRDA:118,11,5,12
BRDA:124,12,0,1
BRDA:124,12,1,1
BRDA:133,13,0,1
BRDA:133,13,1,1
BRF:33
BRH:30
end_of_record
TN:
SF:E:/ATesting/FiveSixUI-1/components/basic/TimeRangePicker/index.js
FN:66,(anonymous_6)
FN:82,(anonymous_8)
FN:108,(anonymous_10)
FN:108,(anonymous_11)
FN:109,(anonymous_12)
FN:109,(anonymous_13)
FN:110,(anonymous_14)
FN:110,(anonymous_15)
FN:112,onChange
FN:119,(anonymous_17)
FN:119,(anonymous_18)
FN:120,(anonymous_19)
FN:120,(anonymous_20)
FN:121,(anonymous_21)
FN:121,(anonymous_22)
FN:122,onChange
FNF:16
FNH:16
FNDA:1680,(anonymous_6)
FNDA:1680,(anonymous_8)
FNDA:12,(anonymous_10)
FNDA:1,(anonymous_11)
FNDA:12,(anonymous_12)
FNDA:1,(anonymous_13)
FNDA:12,(anonymous_14)
FNDA:1,(anonymous_15)
FNDA:3,onChange
FNDA:16,(anonymous_17)
FNDA:1,(anonymous_18)
FNDA:16,(anonymous_19)
FNDA:1,(anonymous_20)
FNDA:16,(anonymous_21)
FNDA:1,(anonymous_22)
FNDA:5,onChange
DA:9,1
DA:10,1
DA:11,1
DA:12,1
DA:24,1
DA:43,8
DA:44,8
DA:52,28
DA:53,28
DA:54,28
DA:55,16
DA:56,16
DA:58,28
DA:59,12
DA:60,12
DA:62,28
DA:66,1680
DA:67,28
DA:68,28
DA:69,16
DA:70,16
DA:71,16
DA:73,28
DA:74,12
DA:75,12
DA:76,12
DA:78,28
DA:82,1680
DA:83,28
DA:84,28
DA:85,16
DA:86,16
DA:87,16
DA:88,16
DA:90,28
DA:91,12
DA:92,12
DA:93,12
DA:94,12
DA:96,28
DA:99,60
DA:100,12
DA:101,12
DA:102,12
DA:104,12
DA:108,12
DA:109,12
DA:110,12
DA:112,3
DA:119,16
DA:120,16
DA:121,16
DA:122,5
DA:129,1
LF:54
LH:54
BRDA:44,0,0,8
BRDA:44,0,1,6
BRDA:54,1,0,16
BRDA:54,1,1,12
BRDA:58,2,0,12
BRDA:58,2,1,16
BRDA:68,3,0,16
BRDA:68,3,1,12
BRDA:71,4,0,4
BRDA:71,4,1,12
BRDA:73,5,0,12
BRDA:73,5,1,16
BRDA:76,6,0,2
BRDA:76,6,1,10
BRDA:84,7,0,16
BRDA:84,7,1,12
BRDA:88,8,0,2
BRDA:88,8,1,14
BRDA:88,9,0,16
BRDA:88,9,1,4
BRDA:90,10,0,12
BRDA:90,10,1,16
BRDA:94,11,0,2
BRDA:94,11,1,10
BRDA:94,12,0,12
BRDA:94,12,1,2
BRDA:101,13,0,11
BRDA:101,13,1,1
BRDA:102,14,0,11
BRDA:102,14,1,1
BRDA:108,15,0,6
BRDA:108,15,1,6
BRDA:109,16,0,6
BRDA:109,16,1,6
BRDA:110,17,0,6
BRDA:110,17,1,6
BRDA:115,18,0,12
BRDA:115,18,1,11
BRDA:119,19,0,6
BRDA:119,19,1,6
BRDA:120,20,0,6
BRDA:120,20,1,6
BRDA:121,21,0,6
BRDA:121,21,1,6
BRF:44
BRH:44
end_of_record
TN:
SF:E:/ATesting/FiveSixUI-1/components/basic/UploadImage/index.js
FN:49,UploadImage
FN:73,(anonymous_4)
FN:75,(anonymous_5)
FN:94,(anonymous_7)
FN:96,(anonymous_8)
FN:98,(anonymous_9)
FN:122,(anonymous_11)
FN:125,(anonymous_12)
FN:128,(anonymous_13)
FN:179,onChange
FN:181,onPreview
FN:195,onCancel
FNF:12
FNH:1
FNDA:3,UploadImage
FNDA:0,(anonymous_4)
FNDA:0,(anonymous_5)
FNDA:0,(anonymous_7)
FNDA:0,(anonymous_8)
FNDA:0,(anonymous_9)
FNDA:0,(anonymous_11)
FNDA:0,(anonymous_12)
FNDA:0,(anonymous_13)
FNDA:0,onChange
FNDA:0,onPreview
FNDA:0,onCancel
DA:9,1
DA:10,1
DA:11,1
DA:23,1
DA:31,1
DA:49,9
DA:51,6
DA:52,3
DA:70,0
DA:71,0
DA:72,0
DA:73,0
DA:74,0
DA:75,0
DA:76,0
DA:77,0
DA:92,0
DA:93,0
DA:94,0
DA:95,0
DA:96,0
DA:97,0
DA:98,0
DA:99,0
DA:100,0
DA:101,0
DA:118,0
DA:119,0
DA:120,0
DA:121,0
DA:122,0
DA:123,0
DA:124,0
DA:125,0
DA:126,0
DA:127,0
DA:128,0
DA:129,0
DA:130,0
DA:137,0
DA:142,0
DA:143,0
DA:144,0
DA:145,0
DA:151,0
DA:165,0
DA:170,21
DA:171,3
DA:172,3
DA:174,3
DA:179,0
DA:181,0
DA:195,0
LF:53
LH:12
BRDA:49,0,0,3
BRDA:49,0,1,0
BRDA:54,1,0,1
BRDA:54,1,1,2
BRDA:73,2,0,0
BRDA:73,2,1,0
BRDA:73,3,0,0
BRDA:73,3,1,0
BRDA:79,4,0,0
BRDA:79,4,1,0
BRDA:94,5,0,0
BRDA:94,5,1,0
BRDA:94,6,0,0
BRDA:94,6,1,0
BRDA:96,7,0,0
BRDA:96,7,1,0
BRDA:96,8,0,0
BRDA:96,8,1,0
BRDA:103,9,0,0
BRDA:103,9,1,0
BRDA:122,10,0,0
BRDA:122,10,1,0
BRDA:122,11,0,0
BRDA:122,11,1,0
BRDA:122,11,2,0
BRDA:124,12,0,0
BRDA:124,12,1,0
BRDA:125,13,0,0
BRDA:125,13,1,0
BRDA:125,14,0,0
BRDA:125,14,1,0
BRDA:133,15,0,0
BRDA:133,15,1,0
BRDA:142,16,0,0
BRDA:142,16,1,0
BRDA:143,17,0,0
BRDA:143,17,1,0
BRDA:144,18,0,0
BRDA:144,18,1,0
BRF:39
BRH:3
end_of_record
TN:
SF:E:/ATesting/FiveSixUI-1/components/business/AsynDownloadBtn/index.js
FN:45,onOk
FN:45,onCancel
FN:60,onClick
FNF:3
FNH:2
FNDA:1,onOk
FNDA:0,onCancel
FNDA:1,onClick
DA:8,1
DA:9,1
DA:16,1
DA:19,1
DA:44,1
DA:45,1
DA:49,1
DA:55,1
DA:56,1
DA:60,1
LF:10
LH:10
BRDA:49,0,0,1
BRDA:49,0,1,1
BRF:2
BRH:2
end_of_record
TN:
SF:E:/ATesting/FiveSixUI-1/components/business/BankSelect/constant.js
FNF:0
FNH:0
DA:1,1
LF:1
LH:1
BRF:0
BRH:0
end_of_record
TN:
SF:E:/ATesting/FiveSixUI-1/components/business/BankSelect/index.js
FN:31,BankSelect
FN:44,(anonymous_4)
FNF:2
FNH:2
FNDA:2,BankSelect
FNDA:260,(anonymous_4)
DA:8,1
DA:9,1
DA:10,1
DA:12,1
DA:19,1
DA:31,6
DA:33,2
DA:34,2
DA:44,260
DA:47,2
DA:52,2
DA:56,2
DA:60,2
DA:72,1
LF:14
LH:14
BRDA:31,0,0,2
BRDA:31,0,1,0
BRF:2
BRH:1
end_of_record
TN:
SF:E:/ATesting/FiveSixUI-1/components/business/DownloadList/index.js
FN:49,DownloadList
FN:52,(anonymous_3)
FN:70,onCancel
FN:74,(anonymous_6)
FNF:4
FNH:4
FNDA:5,DownloadList
FNDA:4,(anonymous_3)
FNDA:1,onCancel
FNDA:4,(anonymous_6)
DA:9,1
DA:10,1
DA:11,1
DA:12,1
DA:21,1
DA:26,1
DA:49,15
DA:52,5
DA:53,4
DA:54,1
DA:56,3
DA:60,15
DA:61,5
DA:63,5
DA:70,1
DA:74,4
LF:16
LH:16
BRDA:49,0,0,5
BRDA:49,0,1,0
BRDA:53,1,0,1
BRDA:53,1,1,3
BRDA:56,2,0,2
BRDA:56,2,1,1
BRDA:70,3,0,1
BRDA:70,3,1,1
BRDA:74,4,0,4
BRDA:74,4,1,1
BRDA:73,5,0,5
BRDA:73,5,1,4
BRF:12
BRH:11
end_of_record
TN:
SF:E:/ATesting/FiveSixUI-1/components/business/TeamTypeRadio/index.js
FN:45,TeamTypeRadio
FN:59,(anonymous_6)
FNF:2
FNH:2
FNDA:1,TeamTypeRadio
FNDA:3,(anonymous_6)
DA:9,1
DA:10,1
DA:11,1
DA:18,1
DA:23,1
DA:24,1
DA:34,1
DA:45,2
DA:53,1
DA:54,1
DA:59,3
LF:11
LH:11
BRDA:45,0,0,1
BRDA:45,0,1,0
BRF:2
BRH:1
end_of_record
TN:
SF:E:/ATesting/FiveSixUI-1/components/business/UserPassWordInput/index.js
FN:34,UserPassWord
FN:39,onFocus
FNF:2
FNH:2
FNDA:4,UserPassWord
FNDA:1,onFocus
DA:12,1
DA:13,1
DA:14,1
DA:22,1
DA:34,8
DA:35,4
DA:40,1
DA:41,1
DA:42,1
DA:43,1
DA:44,1
DA:51,1
LF:12
LH:12
BRDA:41,0,0,1
BRDA:41,0,1,0
BRDA:41,1,0,1
BRDA:41,1,1,1
BRDA:43,2,0,1
BRDA:43,2,1,0
BRF:6
BRH:4
end_of_record
