TN:
SF:E:/ATesting/FiveSixUI-1/components/basic/TimeRangePicker/index.js
FN:66,(anonymous_6)
FN:82,(anonymous_8)
FN:108,(anonymous_10)
FN:108,(anonymous_11)
FN:109,(anonymous_12)
FN:109,(anonymous_13)
FN:110,(anonymous_14)
FN:110,(anonymous_15)
FN:112,onChange
FN:119,(anonymous_17)
FN:119,(anonymous_18)
FN:120,(anonymous_19)
FN:120,(anonymous_20)
FN:121,(anonymous_21)
FN:121,(anonymous_22)
FN:122,onChange
FNF:16
FNH:16
FNDA:1440,(anonymous_6)
FNDA:1440,(anonymous_8)
FNDA:10,(anonymous_10)
FNDA:1,(anonymous_11)
FNDA:10,(anonymous_12)
FNDA:1,(anonymous_13)
FNDA:10,(anonymous_14)
FNDA:1,(anonymous_15)
FNDA:3,onChange
FNDA:14,(anonymous_17)
FNDA:1,(anonymous_18)
FNDA:14,(anonymous_19)
FNDA:1,(anonymous_20)
FNDA:14,(anonymous_21)
FNDA:1,(anonymous_22)
FNDA:5,onChange
DA:9,1
DA:10,1
DA:11,1
DA:12,1
DA:24,1
DA:43,8
DA:44,8
DA:52,24
DA:53,24
DA:54,24
DA:55,14
DA:56,14
DA:58,24
DA:59,10
DA:60,10
DA:62,24
DA:66,1440
DA:67,24
DA:68,24
DA:69,14
DA:70,14
DA:71,14
DA:73,24
DA:74,10
DA:75,10
DA:76,10
DA:78,24
DA:82,1440
DA:83,24
DA:84,24
DA:85,14
DA:86,14
DA:87,14
DA:88,14
DA:90,24
DA:91,10
DA:92,10
DA:93,10
DA:94,10
DA:96,24
DA:99,50
DA:100,10
DA:101,10
DA:102,10
DA:104,10
DA:108,10
DA:109,10
DA:110,10
DA:112,3
DA:119,14
DA:120,14
DA:121,14
DA:122,5
DA:129,1
LF:54
LH:54
BRDA:44,0,0,8
BRDA:44,0,1,6
BRDA:54,1,0,14
BRDA:54,1,1,10
BRDA:58,2,0,10
BRDA:58,2,1,14
BRDA:68,3,0,14
BRDA:68,3,1,10
BRDA:71,4,0,4
BRDA:71,4,1,10
BRDA:73,5,0,10
BRDA:73,5,1,14
BRDA:76,6,0,2
BRDA:76,6,1,8
BRDA:84,7,0,14
BRDA:84,7,1,10
BRDA:88,8,0,2
BRDA:88,8,1,12
BRDA:88,9,0,14
BRDA:88,9,1,4
BRDA:90,10,0,10
BRDA:90,10,1,14
BRDA:94,11,0,2
BRDA:94,11,1,8
BRDA:94,12,0,10
BRDA:94,12,1,2
BRDA:101,13,0,9
BRDA:101,13,1,1
BRDA:102,14,0,9
BRDA:102,14,1,1
BRDA:108,15,0,4
BRDA:108,15,1,6
BRDA:109,16,0,4
BRDA:109,16,1,6
BRDA:110,17,0,4
BRDA:110,17,1,6
BRDA:115,18,0,10
BRDA:115,18,1,9
BRDA:119,19,0,4
BRDA:119,19,1,6
BRDA:120,20,0,4
BRDA:120,20,1,6
BRDA:121,21,0,4
BRDA:121,21,1,6
BRF:44
BRH:44
end_of_record
